app/build/intermediates/manifest_merge_blame_file/debug/manifest-merger-blame-debug-report.txt
1<?xml version="1.0" encoding="utf-8"?>
2<manifest xmlns:android="http://schemas.android.com/apk/res/android"
3    package="com.android.foodorderapp"
4    android:versionCode="1"
5    android:versionName="1.0" >
6
7    <uses-sdk
8        android:minSdkVersion="24"
8-->src\main\AndroidManifest.xml
9        android:targetSdkVersion="29" />
9-->src\main\AndroidManifest.xml
10
11    <uses-permission android:name="android.permission.INTERNET" />
11-->src\main\AndroidManifest.xml:5:5-67
11-->src\main\AndroidManifest.xml:5:22-64
12
13    <application
13-->src\main\AndroidManifest.xml:7:5-27:19
14        android:allowBackup="true"
14-->src\main\AndroidManifest.xml:8:9-35
15        android:appComponentFactory="androidx.core.app.CoreComponentFactory"
15-->[androidx.core:core:1.3.1] AndroidManifest.xml:24:18-86
16        android:debuggable="true"
17        android:extractNativeLibs="false"
18        android:icon="@mipmap/ic_launcher"
18-->src\main\AndroidManifest.xml:9:9-43
19        android:label="@string/app_name"
19-->src\main\AndroidManifest.xml:10:9-41
20        android:roundIcon="@mipmap/ic_launcher_round"
20-->src\main\AndroidManifest.xml:11:9-54
21        android:supportsRtl="true"
21-->src\main\AndroidManifest.xml:12:9-35
22        android:testOnly="true"
23        android:theme="@style/Theme.FoodOrderApp" >
23-->src\main\AndroidManifest.xml:13:9-50
24        <activity android:name="com.android.foodorderapp.SigninActivity" />
24-->src\main\AndroidManifest.xml:14:9-51
24-->src\main\AndroidManifest.xml:14:19-49
25        <activity android:name="com.android.foodorderapp.SignupActivity" />
25-->src\main\AndroidManifest.xml:15:9-51
25-->src\main\AndroidManifest.xml:15:19-49
26        <activity android:name="com.android.foodorderapp.OrderSucceessActivity" />
26-->src\main\AndroidManifest.xml:16:9-59
26-->src\main\AndroidManifest.xml:16:19-56
27        <activity android:name="com.android.foodorderapp.PlaceYourOrderActivity" />
27-->src\main\AndroidManifest.xml:17:9-60
27-->src\main\AndroidManifest.xml:17:19-57
28        <activity android:name="com.android.foodorderapp.RestaurantMenuActivity" />
28-->src\main\AndroidManifest.xml:18:9-60
28-->src\main\AndroidManifest.xml:18:19-57
29        <activity android:name="com.android.foodorderapp.SplashActivity" >
29-->src\main\AndroidManifest.xml:19:9-25:20
29-->src\main\AndroidManifest.xml:19:19-49
30            <intent-filter>
30-->src\main\AndroidManifest.xml:20:13-24:29
31                <action android:name="android.intent.action.MAIN" />
31-->src\main\AndroidManifest.xml:21:17-69
31-->src\main\AndroidManifest.xml:21:25-66
32
33                <category android:name="android.intent.category.LAUNCHER" />
33-->src\main\AndroidManifest.xml:23:17-77
33-->src\main\AndroidManifest.xml:23:27-74
34            </intent-filter>
35        </activity>
36        <activity android:name="com.android.foodorderapp.MainActivity" />
36-->src\main\AndroidManifest.xml:26:9-50
36-->src\main\AndroidManifest.xml:26:19-47
37    </application>
38
39</manifest>